0 info it worked if it ends with ok
1 verbose cli [ '/Users/hexiang/opt/packages/node-v6.9.1-darwin-x64/bin/node',
1 verbose cli   '/Users/hexiang/opt/node/bin/npm',
1 verbose cli   'link',
1 verbose cli   'noreact' ]
2 info using npm@3.10.8
3 info using node@v6.9.1
4 silly loadCurrentTree Starting
5 silly install loadCurrentTree
6 silly install readGlobalPackageData
7 silly fetchPackageMetaData noreact
8 silly fetchNamedPackageData noreact
9 silly mapToRegistry name noreact
10 silly mapToRegistry using default registry
11 silly mapToRegistry registry https://registry.npmjs.org/
12 silly mapToRegistry data Result {
12 silly mapToRegistry   raw: 'noreact',
12 silly mapToRegistry   scope: null,
12 silly mapToRegistry   escapedName: 'noreact',
12 silly mapToRegistry   name: 'noreact',
12 silly mapToRegistry   rawSpec: '',
12 silly mapToRegistry   spec: 'latest',
12 silly mapToRegistry   type: 'tag' }
13 silly mapToRegistry uri https://registry.npmjs.org/noreact
14 verbose request uri https://registry.npmjs.org/noreact
15 verbose request no auth needed
16 info attempt registry request try #1 at 17:02:46
17 verbose request using bearer token for auth
18 verbose request id 791d245f0e9b0924
19 http request GET https://registry.npmjs.org/noreact
20 http 404 https://registry.npmjs.org/noreact
21 verbose headers { date: 'Mon, 02 Mar 2020 09:02:49 GMT',
21 verbose headers   'content-type': 'application/json',
21 verbose headers   'content-length': '21',
21 verbose headers   connection: 'keep-alive',
21 verbose headers   'set-cookie': [ '__cfduid=dfc68051770304d16205eaa4b806372621583139768; expires=Wed, 01-Apr-20 09:02:48 GMT; path=/; domain=.npmjs.org; HttpOnly; SameSite=Lax' ],
21 verbose headers   'cf-ray': '56d9f0e1ac39a2be-HKG',
21 verbose headers   vary: 'Accept-Encoding',
21 verbose headers   'cf-cache-status': 'MISS',
21 verbose headers   'expect-ct': 'max-age=604800, report-uri="https://report-uri.cloudflare.com/cdn-cgi/beacon/expect-ct"',
21 verbose headers   server: 'cloudflare' }
22 silly get cb [ 404,
22 silly get   { date: 'Mon, 02 Mar 2020 09:02:49 GMT',
22 silly get     'content-type': 'application/json',
22 silly get     'content-length': '21',
22 silly get     connection: 'keep-alive',
22 silly get     'set-cookie': [ '__cfduid=dfc68051770304d16205eaa4b806372621583139768; expires=Wed, 01-Apr-20 09:02:48 GMT; path=/; domain=.npmjs.org; HttpOnly; SameSite=Lax' ],
22 silly get     'cf-ray': '56d9f0e1ac39a2be-HKG',
22 silly get     vary: 'Accept-Encoding',
22 silly get     'cf-cache-status': 'MISS',
22 silly get     'expect-ct': 'max-age=604800, report-uri="https://report-uri.cloudflare.com/cdn-cgi/beacon/expect-ct"',
22 silly get     server: 'cloudflare' } ]
23 silly fetchPackageMetaData Error: Not found : noreact
23 silly fetchPackageMetaData     at makeError (/Users/hexiang/opt/packages/node-v6.9.1-darwin-x64/lib/node_modules/npm/node_modules/npm-registry-client/lib/request.js:302:12)
23 silly fetchPackageMetaData     at CachingRegistryClient.<anonymous> (/Users/hexiang/opt/packages/node-v6.9.1-darwin-x64/lib/node_modules/npm/node_modules/npm-registry-client/lib/request.js:290:14)
23 silly fetchPackageMetaData     at Request._callback (/Users/hexiang/opt/packages/node-v6.9.1-darwin-x64/lib/node_modules/npm/node_modules/npm-registry-client/lib/request.js:210:14)
23 silly fetchPackageMetaData     at Request.self.callback (/Users/hexiang/opt/packages/node-v6.9.1-darwin-x64/lib/node_modules/npm/node_modules/request/request.js:187:22)
23 silly fetchPackageMetaData     at emitTwo (events.js:106:13)
23 silly fetchPackageMetaData     at Request.emit (events.js:191:7)
23 silly fetchPackageMetaData     at Request.<anonymous> (/Users/hexiang/opt/packages/node-v6.9.1-darwin-x64/lib/node_modules/npm/node_modules/request/request.js:1044:10)
23 silly fetchPackageMetaData     at emitOne (events.js:96:13)
23 silly fetchPackageMetaData     at Request.emit (events.js:188:7)
23 silly fetchPackageMetaData     at IncomingMessage.<anonymous> (/Users/hexiang/opt/packages/node-v6.9.1-darwin-x64/lib/node_modules/npm/node_modules/request/request.js:965:12)
23 silly fetchPackageMetaData  error for noreact { Error: Not found : noreact
23 silly fetchPackageMetaData     at makeError (/Users/hexiang/opt/packages/node-v6.9.1-darwin-x64/lib/node_modules/npm/node_modules/npm-registry-client/lib/request.js:302:12)
23 silly fetchPackageMetaData     at CachingRegistryClient.<anonymous> (/Users/hexiang/opt/packages/node-v6.9.1-darwin-x64/lib/node_modules/npm/node_modules/npm-registry-client/lib/request.js:290:14)
23 silly fetchPackageMetaData     at Request._callback (/Users/hexiang/opt/packages/node-v6.9.1-darwin-x64/lib/node_modules/npm/node_modules/npm-registry-client/lib/request.js:210:14)
23 silly fetchPackageMetaData     at Request.self.callback (/Users/hexiang/opt/packages/node-v6.9.1-darwin-x64/lib/node_modules/npm/node_modules/request/request.js:187:22)
23 silly fetchPackageMetaData     at emitTwo (events.js:106:13)
23 silly fetchPackageMetaData     at Request.emit (events.js:191:7)
23 silly fetchPackageMetaData     at Request.<anonymous> (/Users/hexiang/opt/packages/node-v6.9.1-darwin-x64/lib/node_modules/npm/node_modules/request/request.js:1044:10)
23 silly fetchPackageMetaData     at emitOne (events.js:96:13)
23 silly fetchPackageMetaData     at Request.emit (events.js:188:7)
23 silly fetchPackageMetaData     at IncomingMessage.<anonymous> (/Users/hexiang/opt/packages/node-v6.9.1-darwin-x64/lib/node_modules/npm/node_modules/request/request.js:965:12) pkgid: 'noreact', statusCode: 404, code: 'E404' }
24 silly rollbackFailedOptional Starting
25 silly rollbackFailedOptional Finishing
26 silly runTopLevelLifecycles Finishing
27 silly install printInstalled
28 verbose stack Error: Not found : noreact
28 verbose stack     at makeError (/Users/hexiang/opt/packages/node-v6.9.1-darwin-x64/lib/node_modules/npm/node_modules/npm-registry-client/lib/request.js:302:12)
28 verbose stack     at CachingRegistryClient.<anonymous> (/Users/hexiang/opt/packages/node-v6.9.1-darwin-x64/lib/node_modules/npm/node_modules/npm-registry-client/lib/request.js:290:14)
28 verbose stack     at Request._callback (/Users/hexiang/opt/packages/node-v6.9.1-darwin-x64/lib/node_modules/npm/node_modules/npm-registry-client/lib/request.js:210:14)
28 verbose stack     at Request.self.callback (/Users/hexiang/opt/packages/node-v6.9.1-darwin-x64/lib/node_modules/npm/node_modules/request/request.js:187:22)
28 verbose stack     at emitTwo (events.js:106:13)
28 verbose stack     at Request.emit (events.js:191:7)
28 verbose stack     at Request.<anonymous> (/Users/hexiang/opt/packages/node-v6.9.1-darwin-x64/lib/node_modules/npm/node_modules/request/request.js:1044:10)
28 verbose stack     at emitOne (events.js:96:13)
28 verbose stack     at Request.emit (events.js:188:7)
28 verbose stack     at IncomingMessage.<anonymous> (/Users/hexiang/opt/packages/node-v6.9.1-darwin-x64/lib/node_modules/npm/node_modules/request/request.js:965:12)
29 verbose statusCode 404
30 verbose pkgid noreact
31 verbose cwd /Users/hexiang/Documents/myself/noreact-test
32 error Darwin 17.7.0
33 error argv "/Users/hexiang/opt/packages/node-v6.9.1-darwin-x64/bin/node" "/Users/hexiang/opt/node/bin/npm" "link" "noreact"
34 error node v6.9.1
35 error npm  v3.10.8
36 error code E404
37 error 404 Not found : noreact
38 error 404
39 error 404 'noreact' is not in the npm registry.
40 error 404 You should bug the author to publish it (or use the name yourself!)
41 error 404 Note that you can also install from a
42 error 404 tarball, folder, http url, or git url.
43 verbose exit [ 1, true ]
